#
# A fatal error has been detected by the Java Runtime Environment:
#
#  Internal Error (javaClasses.cpp:136), pid=3481, tid=140406671263488
#  fatal error: Invalid layout of preloaded class
#
# JRE version:  (7.0_55-b13) (build )
# Java VM: Java HotSpot(TM) 64-Bit Server VM (24.55-b03 mixed mode linux-amd64 compressed oops)
# Failed to write core dump. Core dumps have been disabled. To enable core dumping, try "ulimit -c unlimited" before starting Java again
#
# If you would like to submit a bug report, please visit:
#   http://bugreport.sun.com/bugreport/crash.jsp
#

---------------  T H R E A D  ---------------

Current thread (0x00007fb2f000a000):  JavaThread "Unknown thread" [_thread_in_vm, id=3487, stack(0x00007fb2f9b3c000,0x00007fb2f9c3d000)]

Stack: [0x00007fb2f9b3c000,0x00007fb2f9c3d000],  sp=0x00007fb2f9c3b780,  free space=1021k
Native frames: (J=compiled Java code, j=interpreted, Vv=VM code, C=native code)
V  [libjvm.so+0x99305a]  VMError::report_and_die()+0x2ea
V  [libjvm.so+0x4935b9]  report_fatal(char const*, int, char const*)+0x59
V  [libjvm.so+0x5fdd30]  compute_offset(int&, klassOopDesc*, Symbol*, Symbol*, bool)+0x140
V  [libjvm.so+0x5fe849]  java_lang_String::compute_offsets()+0x39
V  [libjvm.so+0x9192d5]  SystemDictionary::initialize_preloaded_classes(Thread*)+0x1a5
V  [libjvm.so+0x968014]  Universe::genesis(Thread*)+0x494
V  [libjvm.so+0x9684c9]  universe2_init()+0x29
V  [libjvm.so+0x5a96cd]  init_globals()+0xbd
V  [libjvm.so+0x94f09d]  Threads::create_vm(JavaVMInitArgs*, bool*)+0x1ed
V  [libjvm.so+0x630834]  JNI_CreateJavaVM+0x74
C  [libjli.so+0x2f8e]  JavaMain+0x9e


---------------  P R O C E S S  ---------------

Java Threads: ( => current thread )

Other Threads:

=>0x00007fb2f000a000 (exited) JavaThread "Unknown thread" [_thread_in_vm, id=3487, stack(0x00007fb2f9b3c000,0x00007fb2f9c3d000)]

VM state:not at safepoint (not fully initialized)

VM Mutex/Monitor currently owned by a thread: None

GC Heap History (0 events):
No events

Deoptimization events (0 events):
No events

Internal exceptions (0 events):
No events

Events (10 events):
Event: 0.006 loading class 0x00007fb2f50696f0 done
Event: 0.006 loading class 0x00007fb2f5069110 done
Event: 0.006 loading class 0x00007fb2f50690f0
Event: 0.006 loading class 0x00007fb2f50711f0
Event: 0.006 loading class 0x00007fb2f50711f0 done
Event: 0.006 loading class 0x00007fb2f5071220
Event: 0.006 loading class 0x00007fb2f5071220 done
Event: 0.006 loading class 0x00007fb2f5071250
Event: 0.006 loading class 0x00007fb2f5071250 done
Event: 0.006 loading class 0x00007fb2f50690f0 done


Dynamic libraries:
00400000-00401000 r-xp 00000000 fc:00 1872671                            /usr/lib/jvm/jdk-7-oracle-x64/bin/java
00600000-00601000 rw-p 00000000 fc:00 1872671                            /usr/lib/jvm/jdk-7-oracle-x64/bin/java
01d97000-01db8000 rw-p 00000000 00:00 0                                  [heap]
702000000-703500000 rw-p 00000000 00:00 0 
703500000-707200000 rw-p 00000000 00:00 0 
707200000-711780000 rw-p 00000000 00:00 0 
711780000-7ad080000 rw-p 00000000 00:00 0 
7ad080000-7b2380000 rw-p 00000000 00:00 0 
7b2380000-800000000 rw-p 00000000 00:00 0 
7fb2a8100000-7fb2b0000000 rw-p 00000000 00:00 0 
7fb2b0000000-7fb2b0021000 rw-p 00000000 00:00 0 
7fb2b0021000-7fb2b4000000 ---p 00000000 00:00 0 
7fb2b8000000-7fb2b8021000 rw-p 00000000 00:00 0 
7fb2b8021000-7fb2bc000000 ---p 00000000 00:00 0 
7fb2c0000000-7fb2c0021000 rw-p 00000000 00:00 0 
7fb2c0021000-7fb2c4000000 ---p 00000000 00:00 0 
7fb2c8000000-7fb2c8021000 rw-p 00000000 00:00 0 
7fb2c8021000-7fb2cc000000 ---p 00000000 00:00 0 
7fb2d0000000-7fb2d0021000 rw-p 00000000 00:00 0 
7fb2d0021000-7fb2d4000000 ---p 00000000 00:00 0 
7fb2d8000000-7fb2d8021000 rw-p 00000000 00:00 0 
7fb2d8021000-7fb2dc000000 ---p 00000000 00:00 0 
7fb2e0000000-7fb2e0021000 rw-p 00000000 00:00 0 
7fb2e0021000-7fb2e4000000 ---p 00000000 00:00 0 
7fb2e8000000-7fb2e8021000 rw-p 00000000 00:00 0 
7fb2e8021000-7fb2ec000000 ---p 00000000 00:00 0 
7fb2ed000000-7fb2ed270000 rwxp 00000000 00:00 0 
7fb2ed270000-7fb2f005c000 rw-p 00000000 00:00 0 
7fb2f005c000-7fb2f4000000 ---p 00000000 00:00 0 
7fb2f4cb0000-7fb2f4f1c000 rw-p 00000000 00:00 0 
7fb2f4f1c000-7fb2f4ff3000 r--s 013fe000 00:28 7794605                    /homes/yx3110/adt-bundle-linux-x86_64-20140321/sdk/platforms/android-19/android.jar
7fb2f4ff3000-7fb2f592c000 rw-p 00000000 00:00 0 
7fb2f592c000-7fb2f592d000 ---p 00000000 00:00 0 
7fb2f592d000-7fb2f5a2d000 rw-p 00000000 00:00 0                          [stack:3495]
7fb2f5a2d000-7fb2f5a2e000 ---p 00000000 00:00 0 
7fb2f5a2e000-7fb2f5b2e000 rw-p 00000000 00:00 0                          [stack:3494]
7fb2f5b2e000-7fb2f5b2f000 ---p 00000000 00:00 0 
7fb2f5b2f000-7fb2f5c2f000 rw-p 00000000 00:00 0                          [stack:3493]
7fb2f5c2f000-7fb2f5c30000 ---p 00000000 00:00 0 
7fb2f5c30000-7fb2f5d30000 rw-p 00000000 00:00 0                          [stack:3492]
7fb2f5d30000-7fb2f5d31000 ---p 00000000 00:00 0 
7fb2f5d31000-7fb2f5e31000 rw-p 00000000 00:00 0                          [stack:3491]
7fb2f5e31000-7fb2f5e32000 ---p 00000000 00:00 0 
7fb2f5e32000-7fb2f5f32000 rw-p 00000000 00:00 0                          [stack:3490]
7fb2f5f32000-7fb2f5f33000 ---p 00000000 00:00 0 
7fb2f5f33000-7fb2f6033000 rw-p 00000000 00:00 0                          [stack:3489]
7fb2f6033000-7fb2f6034000 ---p 00000000 00:00 0 
7fb2f6034000-7fb2f6187000 rw-p 00000000 00:00 0                          [stack:3488]
7fb2f6187000-7fb2f6664000 rw-p 00000000 00:00 0 
7fb2f6664000-7fb2f666f000 rw-p 00000000 00:00 0 
7fb2f666f000-7fb2f668d000 rw-p 00000000 00:00 0 
7fb2f668d000-7fb2f66e0000 rw-p 00000000 00:00 0 
7fb2f66e0000-7fb2f6bbc000 rw-p 00000000 00:00 0 
7fb2f6bbc000-7fb2f6be6000 rw-p 00000000 00:00 0 
7fb2f6be6000-7fb2f6e54000 rw-p 00000000 00:00 0 
7fb2f6e54000-7fb2f6e55000 rw-p 00000000 00:00 0 
7fb2f6e55000-7fb2f6e6f000 r-xp 00000000 fc:00 1863292                    /usr/lib/jvm/jdk-7-oracle-x64/jre/lib/amd64/libzip.so
7fb2f6e6f000-7fb2f706f000 ---p 0001a000 fc:00 1863292                    /usr/lib/jvm/jdk-7-oracle-x64/jre/lib/amd64/libzip.so
7fb2f706f000-7fb2f7070000 rw-p 0001a000 fc:00 1863292                    /usr/lib/jvm/jdk-7-oracle-x64/jre/lib/amd64/libzip.so
7fb2f7070000-7fb2f707c000 r-xp 00000000 fc:00 2243701                    /lib/x86_64-linux-gnu/libnss_files-2.17.so
7fb2f707c000-7fb2f727b000 ---p 0000c000 fc:00 2243701                    /lib/x86_64-linux-gnu/libnss_files-2.17.so
7fb2f727b000-7fb2f727c000 r--p 0000b000 fc:00 2243701                    /lib/x86_64-linux-gnu/libnss_files-2.17.so
7fb2f727c000-7fb2f727d000 rw-p 0000c000 fc:00 2243701                    /lib/x86_64-linux-gnu/libnss_files-2.17.so
7fb2f727d000-7fb2f7288000 r-xp 00000000 fc:00 2267598                    /lib/x86_64-linux-gnu/libnss_nis-2.17.so
7fb2f7288000-7fb2f7487000 ---p 0000b000 fc:00 2267598                    /lib/x86_64-linux-gnu/libnss_nis-2.17.so
7fb2f7487000-7fb2f7488000 r--p 0000a000 fc:00 2267598                    /lib/x86_64-linux-gnu/libnss_nis-2.17.so
7fb2f7488000-7fb2f7489000 rw-p 0000b000 fc:00 2267598                    /lib/x86_64-linux-gnu/libnss_nis-2.17.so
7fb2f7489000-7fb2f74a0000 r-xp 00000000 fc:00 2243697                    /lib/x86_64-linux-gnu/libnsl-2.17.so
7fb2f74a0000-7fb2f769f000 ---p 00017000 fc:00 2243697                    /lib/x86_64-linux-gnu/libnsl-2.17.so
7fb2f769f000-7fb2f76a0000 r--p 00016000 fc:00 2243697                    /lib/x86_64-linux-gnu/libnsl-2.17.so
7fb2f76a0000-7fb2f76a1000 rw-p 00017000 fc:00 2243697                    /lib/x86_64-linux-gnu/libnsl-2.17.so
7fb2f76a1000-7fb2f76a3000 rw-p 00000000 00:00 0 
7fb2f76a3000-7fb2f76ab000 r-xp 00000000 fc:00 2267600                    /lib/x86_64-linux-gnu/libnss_compat-2.17.so
7fb2f76ab000-7fb2f78aa000 ---p 00008000 fc:00 2267600                    /lib/x86_64-linux-gnu/libnss_compat-2.17.so
7fb2f78aa000-7fb2f78ab000 r--p 00007000 fc:00 2267600                    /lib/x86_64-linux-gnu/libnss_compat-2.17.so
7fb2f78ab000-7fb2f78ac000 rw-p 00008000 fc:00 2267600                    /lib/x86_64-linux-gnu/libnss_compat-2.17.so
7fb2f78ac000-7fb2f78d5000 r-xp 00000000 fc:00 1863298                    /usr/lib/jvm/jdk-7-oracle-x64/jre/lib/amd64/libjava.so
7fb2f78d5000-7fb2f7ad5000 ---p 00029000 fc:00 1863298                    /usr/lib/jvm/jdk-7-oracle-x64/jre/lib/amd64/libjava.so
7fb2f7ad5000-7fb2f7ad7000 rw-p 00029000 fc:00 1863298                    /usr/lib/jvm/jdk-7-oracle-x64/jre/lib/amd64/libjava.so
7fb2f7ad7000-7fb2f7ae4000 r-xp 00000000 fc:00 1863309                    /usr/lib/jvm/jdk-7-oracle-x64/jre/lib/amd64/libverify.so
7fb2f7ae4000-7fb2f7ce3000 ---p 0000d000 fc:00 1863309                    /usr/lib/jvm/jdk-7-oracle-x64/jre/lib/amd64/libverify.so
7fb2f7ce3000-7fb2f7ce5000 rw-p 0000c000 fc:00 1863309                    /usr/lib/jvm/jdk-7-oracle-x64/jre/lib/amd64/libverify.so
7fb2f7ce5000-7fb2f7cec000 r-xp 00000000 fc:00 2249913                    /lib/x86_64-linux-gnu/librt-2.17.so
7fb2f7cec000-7fb2f7eeb000 ---p 00007000 fc:00 2249913                    /lib/x86_64-linux-gnu/librt-2.17.so
7fb2f7eeb000-7fb2f7eec000 r--p 00006000 fc:00 2249913                    /lib/x86_64-linux-gnu/librt-2.17.so
7fb2f7eec000-7fb2f7eed000 rw-p 00007000 fc:00 2249913                    /lib/x86_64-linux-gnu/librt-2.17.so
7fb2f7eed000-7fb2f7ff0000 r-xp 00000000 fc:00 2267599                    /lib/x86_64-linux-gnu/libm-2.17.so
7fb2f7ff0000-7fb2f81f0000 ---p 00103000 fc:00 2267599                    /lib/x86_64-linux-gnu/libm-2.17.so
7fb2f81f0000-7fb2f81f1000 r--p 00103000 fc:00 2267599                    /lib/x86_64-linux-gnu/libm-2.17.so
7fb2f81f1000-7fb2f81f2000 rw-p 00104000 fc:00 2267599                    /lib/x86_64-linux-gnu/libm-2.17.so
7fb2f81f2000-7fb2f8d54000 r-xp 00000000 fc:00 1863294                    /usr/lib/jvm/jdk-7-oracle-x64/jre/lib/amd64/server/libjvm.so
7fb2f8d54000-7fb2f8f54000 ---p 00b62000 fc:00 1863294                    /usr/lib/jvm/jdk-7-oracle-x64/jre/lib/amd64/server/libjvm.so
7fb2f8f54000-7fb2f9017000 rw-p 00b62000 fc:00 1863294                    /usr/lib/jvm/jdk-7-oracle-x64/jre/lib/amd64/server/libjvm.so
7fb2f9017000-7fb2f9058000 rw-p 00000000 00:00 0 
7fb2f9058000-7fb2f9217000 r-xp 00000000 fc:00 2267602                    /lib/x86_64-linux-gnu/libc-2.17.so
7fb2f9217000-7fb2f9416000 ---p 001bf000 fc:00 2267602                    /lib/x86_64-linux-gnu/libc-2.17.so
7fb2f9416000-7fb2f941a000 r--p 001be000 fc:00 2267602                    /lib/x86_64-linux-gnu/libc-2.17.so
7fb2f941a000-7fb2f941c000 rw-p 001c2000 fc:00 2267602                    /lib/x86_64-linux-gnu/libc-2.17.so
7fb2f941c000-7fb2f9421000 rw-p 00000000 00:00 0 
7fb2f9421000-7fb2f9424000 r-xp 00000000 fc:00 2243700                    /lib/x86_64-linux-gnu/libdl-2.17.so
7fb2f9424000-7fb2f9623000 ---p 00003000 fc:00 2243700                    /lib/x86_64-linux-gnu/libdl-2.17.so
7fb2f9623000-7fb2f9624000 r--p 00002000 fc:00 2243700                    /lib/x86_64-linux-gnu/libdl-2.17.so
7fb2f9624000-7fb2f9625000 rw-p 00003000 fc:00 2243700                    /lib/x86_64-linux-gnu/libdl-2.17.so
7fb2f9625000-7fb2f963b000 r-xp 00000000 fc:00 1890731                    /usr/lib/jvm/jdk-7-oracle-x64/lib/amd64/jli/libjli.so
7fb2f963b000-7fb2f983b000 ---p 00016000 fc:00 1890731                    /usr/lib/jvm/jdk-7-oracle-x64/lib/amd64/jli/libjli.so
7fb2f983b000-7fb2f983c000 rw-p 00016000 fc:00 1890731                    /usr/lib/jvm/jdk-7-oracle-x64/lib/amd64/jli/libjli.so
7fb2f983c000-7fb2f9854000 r-xp 00000000 fc:00 2243698                    /lib/x86_64-linux-gnu/libpthread-2.17.so
7fb2f9854000-7fb2f9a53000 ---p 00018000 fc:00 2243698                    /lib/x86_64-linux-gnu/libpthread-2.17.so
7fb2f9a53000-7fb2f9a54000 r--p 00017000 fc:00 2243698                    /lib/x86_64-linux-gnu/libpthread-2.17.so
7fb2f9a54000-7fb2f9a55000 rw-p 00018000 fc:00 2243698                    /lib/x86_64-linux-gnu/libpthread-2.17.so
7fb2f9a55000-7fb2f9a59000 rw-p 00000000 00:00 0 
7fb2f9a59000-7fb2f9a7c000 r-xp 00000000 fc:00 2228533                    /lib/x86_64-linux-gnu/ld-2.17.so
7fb2f9a7c000-7fb2f9a86000 rw-p 00000000 00:00 0 
7fb2f9a86000-7fb2f9b3c000 rw-p 00000000 00:00 0 
7fb2f9b3c000-7fb2f9b3f000 ---p 00000000 00:00 0 
7fb2f9b3f000-7fb2f9c41000 rw-p 00000000 00:00 0                          [stack:3487]
7fb2f9c44000-7fb2f9c51000 rw-p 00000000 00:00 0 
7fb2f9c51000-7fb2f9c6f000 rw-p 00000000 00:00 0 
7fb2f9c6f000-7fb2f9c77000 rw-s 00000000 00:12 3606735                    /tmp/hsperfdata_yx3110/3481
7fb2f9c77000-7fb2f9c78000 rw-p 00000000 00:00 0 
7fb2f9c78000-7fb2f9c79000 r--p 00000000 00:00 0 
7fb2f9c79000-7fb2f9c7b000 rw-p 00000000 00:00 0 
7fb2f9c7b000-7fb2f9c7c000 r--p 00022000 fc:00 2228533                    /lib/x86_64-linux-gnu/ld-2.17.so
7fb2f9c7c000-7fb2f9c7e000 rw-p 00023000 fc:00 2228533                    /lib/x86_64-linux-gnu/ld-2.17.so
7fff71427000-7fff71448000 rw-p 00000000 00:00 0                          [stack]
7fff715ae000-7fff715b0000 r-xp 00000000 00:00 0                          [vdso]
ffffffffff600000-ffffffffff601000 r-xp 00000000 00:00 0                  [vsyscall]

VM Arguments:
jvm_args: -Dfile.encoding=UTF-8 -Xbootclasspath:/homes/yx3110/adt-bundle-linux-x86_64-20140321/sdk/platforms/android-19/android.jar 
java_command: com.example.apams_newUtil.Server
Launcher Type: SUN_STANDARD

Environment Variables:
PATH=/usr/local/bin:/usr/bin:/bin:/usr/bin/X11:/usr/games
USERNAME=yx3110
SHELL=/bin/tcsh
DISPLAY=:0.0

Signal Handlers:
SIGSEGV: [libjvm.so+0x993980], sa_mask[0]=0x7ffbfeff, sa_flags=0x10000004
SIGBUS: [libjvm.so+0x993980], sa_mask[0]=0x7ffbfeff, sa_flags=0x10000004
SIGFPE: [libjvm.so+0x8106e0], sa_mask[0]=0x7ffbfeff, sa_flags=0x10000004
SIGPIPE: [libjvm.so+0x8106e0], sa_mask[0]=0x7ffbfeff, sa_flags=0x10000004
SIGXFSZ: [libjvm.so+0x8106e0], sa_mask[0]=0x7ffbfeff, sa_flags=0x10000004
SIGILL: [libjvm.so+0x8106e0], sa_mask[0]=0x7ffbfeff, sa_flags=0x10000004
SIGUSR1: SIG_DFL, sa_mask[0]=0x00000000, sa_flags=0x00000000
SIGUSR2: [libjvm.so+0x811bd0], sa_mask[0]=0x00000004, sa_flags=0x10000004
SIGHUP: SIG_DFL, sa_mask[0]=0x00000000, sa_flags=0x00000000
SIGINT: SIG_DFL, sa_mask[0]=0x00000000, sa_flags=0x00000000
SIGTERM: SIG_DFL, sa_mask[0]=0x00000000, sa_flags=0x00000000
SIGQUIT: SIG_DFL, sa_mask[0]=0x00000000, sa_flags=0x00000000


---------------  S Y S T E M  ---------------

OS:wheezy/sid

uname:Linux 3.8.0-35-generic #50-Ubuntu SMP Tue Dec 3 01:24:59 UTC 2013 x86_64
libc:glibc 2.17 NPTL 2.17 
rlimit: STACK 8192k, CORE 0k, NPROC 127214, NOFILE 4096, AS infinity
load average:0.55 0.72 2.40

/proc/meminfo:
MemTotal:       16307336 kB
MemFree:         9685608 kB
Buffers:          395748 kB
Cached:          4431860 kB
SwapCached:        16452 kB
Active:          3217256 kB
Inactive:        2841344 kB
Active(anon):    1216260 kB
Inactive(anon):   572916 kB
Active(file):    2000996 kB
Inactive(file):  2268428 kB
Unevictable:          48 kB
Mlocked:              48 kB
SwapTotal:       4194300 kB
SwapFree:        4163100 kB
Dirty:              4612 kB
Writeback:             4 kB
AnonPages:       1217640 kB
Mapped:           230592 kB
Shmem:            558180 kB
Slab:             367424 kB
SReclaimable:     313872 kB
SUnreclaim:        53552 kB
KernelStack:        5136 kB
PageTables:        37656 kB
NFS_Unstable:          0 kB
Bounce:                0 kB
WritebackTmp:          0 kB
CommitLimit:    12347968 kB
Committed_AS:    5632824 kB
VmallocTotal:   34359738367 kB
VmallocUsed:      378928 kB
VmallocChunk:   34359347448 kB
HardwareCorrupted:     0 kB
AnonHugePages:         0 kB
HugePages_Total:       0
HugePages_Free:        0
HugePages_Rsvd:        0
HugePages_Surp:        0
Hugepagesize:       2048 kB
DirectMap4k:      100352 kB
DirectMap2M:    16560128 kB


CPU:total 8 (4 cores per cpu, 2 threads per core) family 6 model 58 stepping 9, cmov, cx8, fxsr, mmx, sse, sse2, sse3, ssse3, sse4.1, sse4.2, popcnt, avx, aes, erms, ht, tsc, tscinvbit, tscinv

/proc/cpuinfo:
processor	: 0
vendor_id	: GenuineIntel
cpu family	: 6
model		: 58
model name	: Intel(R) Core(TM) i7-3770 CPU @ 3.40GHz
stepping	: 9
microcode	: 0x12
cpu MHz		: 3401.000
cache size	: 8192 KB
physical id	: 0
siblings	: 8
core id		: 0
cpu cores	: 4
apicid		: 0
initial apicid	: 0
fpu		: yes
fpu_exception	: yes
cpuid level	: 13
wp		: yes
flags		: fpu vme de pse tsc msr pae mce cx8 apic sep mtrr pge mca cmov pat pse36 clflush dts acpi mmx fxsr sse sse2 ss ht tm pbe syscall nx rdtscp lm constant_tsc arch_perfmon pebs bts rep_good nopl xtopology nonstop_tsc aperfmperf eagerfpu pni pclmulqdq dtes64 monitor ds_cpl vmx smx est tm2 ssse3 cx16 xtpr pdcm pcid sse4_1 sse4_2 x2apic popcnt tsc_deadline_timer aes xsave avx f16c rdrand lahf_lm ida arat epb xsaveopt pln pts dtherm tpr_shadow vnmi flexpriority ept vpid fsgsbase smep erms
bogomips	: 6784.92
clflush size	: 64
cache_alignment	: 64
address sizes	: 36 bits physical, 48 bits virtual
power management:

processor	: 1
vendor_id	: GenuineIntel
cpu family	: 6
model		: 58
model name	: Intel(R) Core(TM) i7-3770 CPU @ 3.40GHz
stepping	: 9
microcode	: 0x12
cpu MHz		: 1600.000
cache size	: 8192 KB
physical id	: 0
siblings	: 8
core id		: 1
cpu cores	: 4
apicid		: 2
initial apicid	: 2
fpu		: yes
fpu_exception	: yes
cpuid level	: 13
wp		: yes
flags		: fpu vme de pse tsc msr pae mce cx8 apic sep mtrr pge mca cmov pat pse36 clflush dts acpi mmx fxsr sse sse2 ss ht tm pbe syscall nx rdtscp lm constant_tsc arch_perfmon pebs bts rep_good nopl xtopology nonstop_tsc aperfmperf eagerfpu pni pclmulqdq dtes64 monitor ds_cpl vmx smx est tm2 ssse3 cx16 xtpr pdcm pcid sse4_1 sse4_2 x2apic popcnt tsc_deadline_timer aes xsave avx f16c rdrand lahf_lm ida arat epb xsaveopt pln pts dtherm tpr_shadow vnmi flexpriority ept vpid fsgsbase smep erms
bogomips	: 6784.92
clflush size	: 64
cache_alignment	: 64
address sizes	: 36 bits physical, 48 bits virtual
power management:

processor	: 2
vendor_id	: GenuineIntel
cpu family	: 6
model		: 58
model name	: Intel(R) Core(TM) i7-3770 CPU @ 3.40GHz
stepping	: 9
microcode	: 0x12
cpu MHz		: 2400.000
cache size	: 8192 KB
physical id	: 0
siblings	: 8
core id		: 2
cpu cores	: 4
apicid		: 4
initial apicid	: 4
fpu		: yes
fpu_exception	: yes
cpuid level	: 13
wp		: yes
flags		: fpu vme de pse tsc msr pae mce cx8 apic sep mtrr pge mca cmov pat pse36 clflush dts acpi mmx fxsr sse sse2 ss ht tm pbe syscall nx rdtscp lm constant_tsc arch_perfmon pebs bts rep_good nopl xtopology nonstop_tsc aperfmperf eagerfpu pni pclmulqdq dtes64 monitor ds_cpl vmx smx est tm2 ssse3 cx16 xtpr pdcm pcid sse4_1 sse4_2 x2apic popcnt tsc_deadline_timer aes xsave avx f16c rdrand lahf_lm ida arat epb xsaveopt pln pts dtherm tpr_shadow vnmi flexpriority ept vpid fsgsbase smep erms
bogomips	: 6784.92
clflush size	: 64
cache_alignment	: 64
address sizes	: 36 bits physical, 48 bits virtual
power management:

processor	: 3
vendor_id	: GenuineIntel
cpu family	: 6
model		: 58
model name	: Intel(R) Core(TM) i7-3770 CPU @ 3.40GHz
stepping	: 9
microcode	: 0x12
cpu MHz		: 1600.000
cache size	: 8192 KB
physical id	: 0
siblings	: 8
core id		: 3
cpu cores	: 4
apicid		: 6
initial apicid	: 6
fpu		: yes
fpu_exception	: yes
cpuid level	: 13
wp		: yes
flags		: fpu vme de pse tsc msr pae mce cx8 apic sep mtrr pge mca cmov pat pse36 clflush dts acpi mmx fxsr sse sse2 ss ht tm pbe syscall nx rdtscp lm constant_tsc arch_perfmon pebs bts rep_good nopl xtopology nonstop_tsc aperfmperf eagerfpu pni pclmulqdq dtes64 monitor ds_cpl vmx smx est tm2 ssse3 cx16 xtpr pdcm pcid sse4_1 sse4_2 x2apic popcnt tsc_deadline_timer aes xsave avx f16c rdrand lahf_lm ida arat epb xsaveopt pln pts dtherm tpr_shadow vnmi flexpriority ept vpid fsgsbase smep erms
bogomips	: 6784.92
clflush size	: 64
cache_alignment	: 64
address sizes	: 36 bits physical, 48 bits virtual
power management:

processor	: 4
vendor_id	: GenuineIntel
cpu family	: 6
model		: 58
model name	: Intel(R) Core(TM) i7-3770 CPU @ 3.40GHz
stepping	: 9
microcode	: 0x12
cpu MHz		: 1600.000
cache size	: 8192 KB
physical id	: 0
siblings	: 8
core id		: 0
cpu cores	: 4
apicid		: 1
initial apicid	: 1
fpu		: yes
fpu_exception	: yes
cpuid level	: 13
wp		: yes
flags		: fpu vme de pse tsc msr pae mce cx8 apic sep mtrr pge mca cmov pat pse36 clflush dts acpi mmx fxsr sse sse2 ss ht tm pbe syscall nx rdtscp lm constant_tsc arch_perfmon pebs bts rep_good nopl xtopology nonstop_tsc aperfmperf eagerfpu pni pclmulqdq dtes64 monitor ds_cpl vmx smx est tm2 ssse3 cx16 xtpr pdcm pcid sse4_1 sse4_2 x2apic popcnt tsc_deadline_timer aes xsave avx f16c rdrand lahf_lm ida arat epb xsaveopt pln pts dtherm tpr_shadow vnmi flexpriority ept vpid fsgsbase smep erms
bogomips	: 6784.92
clflush size	: 64
cache_alignment	: 64
address sizes	: 36 bits physical, 48 bits virtual
power management:

processor	: 5
vendor_id	: GenuineIntel
cpu family	: 6
model		: 58
model name	: Intel(R) Core(TM) i7-3770 CPU @ 3.40GHz
stepping	: 9
microcode	: 0x12
cpu MHz		: 1600.000
cache size	: 8192 KB
physical id	: 0
siblings	: 8
core id		: 1
cpu cores	: 4
apicid		: 3
initial apicid	: 3
fpu		: yes
fpu_exception	: yes
cpuid level	: 13
wp		: yes
flags		: fpu vme de pse tsc msr pae mce cx8 apic sep mtrr pge mca cmov pat pse36 clflush dts acpi mmx fxsr sse sse2 ss ht tm pbe syscall nx rdtscp lm constant_tsc arch_perfmon pebs bts rep_good nopl xtopology nonstop_tsc aperfmperf eagerfpu pni pclmulqdq dtes64 monitor ds_cpl vmx smx est tm2 ssse3 cx16 xtpr pdcm pcid sse4_1 sse4_2 x2apic popcnt tsc_deadline_timer aes xsave avx f16c rdrand lahf_lm ida arat epb xsaveopt pln pts dtherm tpr_shadow vnmi flexpriority ept vpid fsgsbase smep erms
bogomips	: 6784.92
clflush size	: 64
cache_alignment	: 64
address sizes	: 36 bits physical, 48 bits virtual
power management:

processor	: 6
vendor_id	: GenuineIntel
cpu family	: 6
model		: 58
model name	: Intel(R) Core(TM) i7-3770 CPU @ 3.40GHz
stepping	: 9
microcode	: 0x12
cpu MHz		: 1600.000
cache size	: 8192 KB
physical id	: 0
siblings	: 8
core id		: 2
cpu cores	: 4
apicid		: 5
initial apicid	: 5
fpu		: yes
fpu_exception	: yes
cpuid level	: 13
wp		: yes
flags		: fpu vme de pse tsc msr pae mce cx8 apic sep mtrr pge mca cmov pat pse36 clflush dts acpi mmx fxsr sse sse2 ss ht tm pbe syscall nx rdtscp lm constant_tsc arch_perfmon pebs bts rep_good nopl xtopology nonstop_tsc aperfmperf eagerfpu pni pclmulqdq dtes64 monitor ds_cpl vmx smx est tm2 ssse3 cx16 xtpr pdcm pcid sse4_1 sse4_2 x2apic popcnt tsc_deadline_timer aes xsave avx f16c rdrand lahf_lm ida arat epb xsaveopt pln pts dtherm tpr_shadow vnmi flexpriority ept vpid fsgsbase smep erms
bogomips	: 6784.92
clflush size	: 64
cache_alignment	: 64
address sizes	: 36 bits physical, 48 bits virtual
power management:

processor	: 7
vendor_id	: GenuineIntel
cpu family	: 6
model		: 58
model name	: Intel(R) Core(TM) i7-3770 CPU @ 3.40GHz
stepping	: 9
microcode	: 0x12
cpu MHz		: 3401.000
cache size	: 8192 KB
physical id	: 0
siblings	: 8
core id		: 3
cpu cores	: 4
apicid		: 7
initial apicid	: 7
fpu		: yes
fpu_exception	: yes
cpuid level	: 13
wp		: yes
flags		: fpu vme de pse tsc msr pae mce cx8 apic sep mtrr pge mca cmov pat pse36 clflush dts acpi mmx fxsr sse sse2 ss ht tm pbe syscall nx rdtscp lm constant_tsc arch_perfmon pebs bts rep_good nopl xtopology nonstop_tsc aperfmperf eagerfpu pni pclmulqdq dtes64 monitor ds_cpl vmx smx est tm2 ssse3 cx16 xtpr pdcm pcid sse4_1 sse4_2 x2apic popcnt tsc_deadline_timer aes xsave avx f16c rdrand lahf_lm ida arat epb xsaveopt pln pts dtherm tpr_shadow vnmi flexpriority ept vpid fsgsbase smep erms
bogomips	: 6784.92
clflush size	: 64
cache_alignment	: 64
address sizes	: 36 bits physical, 48 bits virtual
power management:



Memory: 4k page, physical 16307336k(9685608k free), swap 4194300k(4163100k free)

vm_info: Java HotSpot(TM) 64-Bit Server VM (24.55-b03) for linux-amd64 JRE (1.7.0_55-b13), built on Mar 17 2014 19:43:58 by "java_re" with gcc 4.3.0 20080428 (Red Hat 4.3.0-8)

time: Sat May 24 18:07:15 2014
elapsed time: 0 seconds

